d:\csu_work\信息安全工程与管理\信息安全工程与管理实验2025\实验五\keyhookdll\keyhookdll\x64\debug\keyhookdll.pch
d:\csu_work\信息安全工程与管理\信息安全工程与管理实验2025\实验五\keyhookdll\keyhookdll\x64\debug\vc143.pdb
d:\csu_work\信息安全工程与管理\信息安全工程与管理实验2025\实验五\keyhookdll\keyhookdll\x64\debug\vc143.idb
d:\csu_work\信息安全工程与管理\信息安全工程与管理实验2025\实验五\keyhookdll\keyhookdll\x64\debug\pch.obj
d:\csu_work\信息安全工程与管理\信息安全工程与管理实验2025\实验五\keyhookdll\keyhookdll\x64\debug\keyhookdll.obj
d:\csu_work\信息安全工程与管理\信息安全工程与管理实验2025\实验五\keyhookdll\keyhookdll\x64\debug\dllmain.obj
d:\csu_work\信息安全工程与管理\信息安全工程与管理实验2025\实验五\keyhookdll\x64\debug\keyhookdll.pdb
d:\csu_work\信息安全工程与管理\信息安全工程与管理实验2025\实验五\keyhookdll\keyhookdll\x64\debug\keyhookdll.tlog\cl.command.1.tlog
d:\csu_work\信息安全工程与管理\信息安全工程与管理实验2025\实验五\keyhookdll\keyhookdll\x64\debug\keyhookdll.tlog\cl.read.1.tlog
d:\csu_work\信息安全工程与管理\信息安全工程与管理实验2025\实验五\keyhookdll\keyhookdll\x64\debug\keyhookdll.tlog\cl.write.1.tlog
d:\csu_work\信息安全工程与管理\信息安全工程与管理实验2025\实验五\keyhookdll\keyhookdll\x64\debug\keyhookdll.tlog\link-cvtres.read.1.tlog
d:\csu_work\信息安全工程与管理\信息安全工程与管理实验2025\实验五\keyhookdll\keyhookdll\x64\debug\keyhookdll.tlog\link-cvtres.write.1.tlog
d:\csu_work\信息安全工程与管理\信息安全工程与管理实验2025\实验五\keyhookdll\keyhookdll\x64\debug\keyhookdll.tlog\link-rc.read.1.tlog
d:\csu_work\信息安全工程与管理\信息安全工程与管理实验2025\实验五\keyhookdll\keyhookdll\x64\debug\keyhookdll.tlog\link-rc.write.1.tlog
d:\csu_work\信息安全工程与管理\信息安全工程与管理实验2025\实验五\keyhookdll\keyhookdll\x64\debug\keyhookdll.tlog\link.command.1.tlog
d:\csu_work\信息安全工程与管理\信息安全工程与管理实验2025\实验五\keyhookdll\keyhookdll\x64\debug\keyhookdll.tlog\link.read.1.tlog
d:\csu_work\信息安全工程与管理\信息安全工程与管理实验2025\实验五\keyhookdll\keyhookdll\x64\debug\keyhookdll.tlog\link.read.2.tlog
d:\csu_work\信息安全工程与管理\信息安全工程与管理实验2025\实验五\keyhookdll\keyhookdll\x64\debug\keyhookdll.tlog\link.read.3.tlog
d:\csu_work\信息安全工程与管理\信息安全工程与管理实验2025\实验五\keyhookdll\keyhookdll\x64\debug\keyhookdll.tlog\link.read.4.tlog
d:\csu_work\信息安全工程与管理\信息安全工程与管理实验2025\实验五\keyhookdll\keyhookdll\x64\debug\keyhookdll.tlog\link.write.1.tlog
